0 info it worked if it ends with ok
1 verbose cli [ '/usr/local/bin/node',
1 verbose cli   '/usr/local/bin/npm',
1 verbose cli   'i',
1 verbose cli   '--save',
1 verbose cli   '-dev',
1 verbose cli   'babel-sintax-async-functions' ]
2 info using npm@2.14.7
3 info using node@v4.2.2
4 verbose install initial load of /Users/Sebastian/Desktop/Javascript-High-Level/package.json
5 warn package.json platzigram@0.1.0 No README data
6 verbose installManyTop reading scoped package data from /Users/Sebastian/Desktop/Javascript-High-Level/node_modules/axios/package.json
7 verbose installManyTop reading scoped package data from /Users/Sebastian/Desktop/Javascript-High-Level/node_modules/babelify/package.json
8 verbose installManyTop reading scoped package data from /Users/Sebastian/Desktop/Javascript-High-Level/node_modules/browserify/package.json
9 verbose installManyTop reading scoped package data from /Users/Sebastian/Desktop/Javascript-High-Level/node_modules/empty-element/package.json
10 verbose installManyTop reading scoped package data from /Users/Sebastian/Desktop/Javascript-High-Level/node_modules/express/package.json
11 verbose installManyTop reading scoped package data from /Users/Sebastian/Desktop/Javascript-High-Level/node_modules/gulp/package.json
12 verbose installManyTop reading scoped package data from /Users/Sebastian/Desktop/Javascript-High-Level/node_modules/gulp-rename/package.json
13 verbose installManyTop reading scoped package data from /Users/Sebastian/Desktop/Javascript-High-Level/node_modules/gulp-sass/package.json
14 verbose installManyTop reading scoped package data from /Users/Sebastian/Desktop/Javascript-High-Level/node_modules/intl/package.json
15 verbose installManyTop reading scoped package data from /Users/Sebastian/Desktop/Javascript-High-Level/node_modules/intl-messageformat/package.json
16 verbose installManyTop reading scoped package data from /Users/Sebastian/Desktop/Javascript-High-Level/node_modules/intl-relativeformat/package.json
17 verbose installManyTop reading scoped package data from /Users/Sebastian/Desktop/Javascript-High-Level/node_modules/materialize-css/package.json
18 verbose installManyTop reading scoped package data from /Users/Sebastian/Desktop/Javascript-High-Level/node_modules/moment/package.json
19 verbose installManyTop reading scoped package data from /Users/Sebastian/Desktop/Javascript-High-Level/node_modules/page/package.json
20 verbose installManyTop reading scoped package data from /Users/Sebastian/Desktop/Javascript-High-Level/node_modules/pug/package.json
21 verbose installManyTop reading scoped package data from /Users/Sebastian/Desktop/Javascript-High-Level/node_modules/superagent/package.json
22 verbose installManyTop reading scoped package data from /Users/Sebastian/Desktop/Javascript-High-Level/node_modules/title/package.json
23 verbose installManyTop reading scoped package data from /Users/Sebastian/Desktop/Javascript-High-Level/node_modules/vinyl-source-stream/package.json
24 verbose installManyTop reading scoped package data from /Users/Sebastian/Desktop/Javascript-High-Level/node_modules/watchify/package.json
25 verbose installManyTop reading scoped package data from /Users/Sebastian/Desktop/Javascript-High-Level/node_modules/yo-yo/package.json
26 info package.json gulp-rename@1.2.2 No license field.
27 info package.json title@1.0.0 No repository field.
28 verbose readDependencies loading dependencies from /Users/Sebastian/Desktop/Javascript-High-Level/package.json
29 silly cache add args [ 'babel-sintax-async-functions', null ]
30 verbose cache add spec babel-sintax-async-functions
31 silly cache add parsed spec Result {
31 silly cache add   raw: 'babel-sintax-async-functions',
31 silly cache add   scope: null,
31 silly cache add   name: 'babel-sintax-async-functions',
31 silly cache add   rawSpec: '',
31 silly cache add   spec: '*',
31 silly cache add   type: 'range' }
32 silly addNamed babel-sintax-async-functions@*
33 verbose addNamed "*" is a valid semver range for babel-sintax-async-functions
34 silly addNameRange { name: 'babel-sintax-async-functions',
34 silly addNameRange   range: '*',
34 silly addNameRange   hasData: false }
35 silly mapToRegistry name babel-sintax-async-functions
36 silly mapToRegistry using default registry
37 silly mapToRegistry registry https://registry.npmjs.org/
38 silly mapToRegistry uri https://registry.npmjs.org/babel-sintax-async-functions
39 verbose addNameRange registry:https://registry.npmjs.org/babel-sintax-async-functions not in flight; fetching
40 verbose request uri https://registry.npmjs.org/babel-sintax-async-functions
41 verbose request no auth needed
42 info attempt registry request try #1 at 12:44:26 AM
43 verbose request id 781793fcf5dfe954
44 http request GET https://registry.npmjs.org/babel-sintax-async-functions
45 http 404 https://registry.npmjs.org/babel-sintax-async-functions
46 verbose headers { 'content-type': 'application/json',
46 verbose headers   'cache-control': 'max-age=0',
46 verbose headers   'content-length': '2',
46 verbose headers   'accept-ranges': 'bytes',
46 verbose headers   date: 'Thu, 28 Jul 2016 05:44:27 GMT',
46 verbose headers   via: '1.1 varnish',
46 verbose headers   age: '0',
46 verbose headers   connection: 'keep-alive',
46 verbose headers   'x-served-by': 'cache-iad2629-IAD',
46 verbose headers   'x-cache': 'MISS',
46 verbose headers   'x-cache-hits': '0',
46 verbose headers   'x-timer': 'S1469684667.151827,VS0,VE80',
46 verbose headers   vary: 'Accept-Encoding' }
47 silly get cb [ 404,
47 silly get   { 'content-type': 'application/json',
47 silly get     'cache-control': 'max-age=0',
47 silly get     'content-length': '2',
47 silly get     'accept-ranges': 'bytes',
47 silly get     date: 'Thu, 28 Jul 2016 05:44:27 GMT',
47 silly get     via: '1.1 varnish',
47 silly get     age: '0',
47 silly get     connection: 'keep-alive',
47 silly get     'x-served-by': 'cache-iad2629-IAD',
47 silly get     'x-cache': 'MISS',
47 silly get     'x-cache-hits': '0',
47 silly get     'x-timer': 'S1469684667.151827,VS0,VE80',
47 silly get     vary: 'Accept-Encoding' } ]
48 verbose stack Error: Registry returned 404 for GET on https://registry.npmjs.org/babel-sintax-async-functions
48 verbose stack     at makeError (/usr/local/lib/node_modules/npm/node_modules/npm-registry-client/lib/request.js:264:12)
48 verbose stack     at CachingRegistryClient.<anonymous> (/usr/local/lib/node_modules/npm/node_modules/npm-registry-client/lib/request.js:242:14)
48 verbose stack     at Request._callback (/usr/local/lib/node_modules/npm/node_modules/npm-registry-client/lib/request.js:172:14)
48 verbose stack     at Request.self.callback (/usr/local/lib/node_modules/npm/node_modules/request/request.js:198:22)
48 verbose stack     at emitTwo (events.js:87:13)
48 verbose stack     at Request.emit (events.js:172:7)
48 verbose stack     at Request.<anonymous> (/usr/local/lib/node_modules/npm/node_modules/request/request.js:1063:14)
48 verbose stack     at emitOne (events.js:82:20)
48 verbose stack     at Request.emit (events.js:169:7)
48 verbose stack     at IncomingMessage.<anonymous> (/usr/local/lib/node_modules/npm/node_modules/request/request.js:1009:12)
49 verbose statusCode 404
50 verbose pkgid babel-sintax-async-functions
51 verbose cwd /Users/Sebastian/Desktop/Javascript-High-Level
52 error Darwin 14.0.0
53 error argv "/usr/local/bin/node" "/usr/local/bin/npm" "i" "--save" "-dev" "babel-sintax-async-functions"
54 error node v4.2.2
55 error npm  v2.14.7
56 error code E404
57 error 404 Registry returned 404 for GET on https://registry.npmjs.org/babel-sintax-async-functions
57 error 404
57 error 404 'babel-sintax-async-functions' is not in the npm registry.
57 error 404 You should bug the author to publish it (or use the name yourself!)
57 error 404 It was specified as a dependency of 'platzigram'
57 error 404
57 error 404 Note that you can also install from a
57 error 404 tarball, folder, http url, or git url.
58 verbose exit [ 1, true ]
